<?xml version="1.0" encoding="UTF-8"?>
<!-- Generated by org.testng.reporters.JUnitReportReporter -->
<testsuite hostname="LAPTOP-S244PV3I" failures="0" tests="1" name="test.AddDepositTest" time="11.900" errors="0" timestamp="22 Jul 2019 16:08:30 GMT">
  <testcase classname="test.AddDepositTest" name="AddDepositToVerifyDepositPosted" time="11.900"/>
</testsuite> <!-- test.AddDepositTest -->
